> Task :gradle-plugin:settings-plugin:checkKotlinGradlePluginConfigurationErrors
> Task :gradle-plugin:shared:checkKotlinGradlePluginConfigurationErrors
> Task :gradle-plugin:shared:compileKotlin UP-TO-DATE
> Task :gradle-plugin:shared:compileJava NO-SOURCE
> Task :gradle-plugin:shared:processResources NO-SOURCE
> Task :gradle-plugin:shared:classes UP-TO-DATE
> Task :gradle-plugin:shared:jar UP-TO-DATE
> Task :gradle-plugin:settings-plugin:compileKotlin UP-TO-DATE
> Task :gradle-plugin:settings-plugin:compileJava NO-SOURCE
> Task :gradle-plugin:settings-plugin:pluginDescriptors UP-TO-DATE
> Task :gradle-plugin:settings-plugin:processResources UP-TO-DATE
> Task :gradle-plugin:settings-plugin:classes UP-TO-DATE
> Task :gradle-plugin:settings-plugin:jar UP-TO-DATE
> Task :gradle-plugin:react-native-gradle-plugin:checkKotlinGradlePluginConfigurationErrors
> Task :gradle-plugin:react-native-gradle-plugin:compileKotlin UP-TO-DATE
> Task :gradle-plugin:react-native-gradle-plugin:compileJava NO-SOURCE
> Task :gradle-plugin:react-native-gradle-plugin:pluginDescriptors UP-TO-DATE
> Task :gradle-plugin:react-native-gradle-plugin:processResources UP-TO-DATE
> Task :gradle-plugin:react-native-gradle-plugin:classes UP-TO-DATE
> Task :gradle-plugin:react-native-gradle-plugin:jar UP-TO-DATE

> Configure project :app
WARNING: [CXX5106] NDK was located by using ndk.dir property. This method is deprecated and will be removed in a future release. Please delete ndk.dir from local.properties and set android.ndkVersion to [27.3.13750724] in all native modules in the project. https://developer.android.com/r/studio-ui/ndk-dir
[CXX5106] NDK was located by using ndk.dir property. This method is deprecated and will be removed in a future release. Please delete ndk.dir from local.properties and set android.ndkVersion to [27.3.13750724] in all native modules in the project. https://developer.android.com/r/studio-ui/ndk-dir
WARNING: [CXX5106] NDK was located by using ndk.dir property. This method is deprecated and will be removed in a future release. Please delete ndk.dir from local.properties and set android.ndkVersion to [27.3.13750724] in all native modules in the project. https://developer.android.com/r/studio-ui/ndk-dir
[CXX5106] NDK was located by using ndk.dir property. This method is deprecated and will be removed in a future release. Please delete ndk.dir from local.properties and set android.ndkVersion to [27.3.13750724] in all native modules in the project. https://developer.android.com/r/studio-ui/ndk-dir
WARNING: [CXX5106] NDK was located by using ndk.dir property. This method is deprecated and will be removed in a future release. Please delete ndk.dir from local.properties and set android.ndkVersion to [27.3.13750724] in all native modules in the project. https://developer.android.com/r/studio-ui/ndk-dir
[CXX5106] NDK was located by using ndk.dir property. This method is deprecated and will be removed in a future release. Please delete ndk.dir from local.properties and set android.ndkVersion to [27.3.13750724] in all native modules in the project. https://developer.android.com/r/studio-ui/ndk-dir
WARNING: [CXX5106] NDK was located by using ndk.dir property. This method is deprecated and will be removed in a future release. Please delete ndk.dir from local.properties and set android.ndkVersion to [27.3.13750724] in all native modules in the project. https://developer.android.com/r/studio-ui/ndk-dir
[CXX5106] NDK was located by using ndk.dir property. This method is deprecated and will be removed in a future release. Please delete ndk.dir from local.properties and set android.ndkVersion to [27.3.13750724] in all native modules in the project. https://developer.android.com/r/studio-ui/ndk-dir
WARNING: [CXX5106] NDK was located by using ndk.dir property. This method is deprecated and will be removed in a future release. Please delete ndk.dir from local.properties and set android.ndkVersion to [27.3.13750724] in all native modules in the project. https://developer.android.com/r/studio-ui/ndk-dir
[CXX5106] NDK was located by using ndk.dir property. This method is deprecated and will be removed in a future release. Please delete ndk.dir from local.properties and set android.ndkVersion to [27.3.13750724] in all native modules in the project. https://developer.android.com/r/studio-ui/ndk-dir
WARNING: [CXX5106] NDK was located by using ndk.dir property. This method is deprecated and will be removed in a future release. Please delete ndk.dir from local.properties and set android.ndkVersion to [27.3.13750724] in all native modules in the project. https://developer.android.com/r/studio-ui/ndk-dir
[CXX5106] NDK was located by using ndk.dir property. This method is deprecated and will be removed in a future release. Please delete ndk.dir from local.properties and set android.ndkVersion to [27.3.13750724] in all native modules in the project. https://developer.android.com/r/studio-ui/ndk-dir
WARNING: [CXX5106] NDK was located by using ndk.dir property. This method is deprecated and will be removed in a future release. Please delete ndk.dir from local.properties and set android.ndkVersion to [27.3.13750724] in all native modules in the project. https://developer.android.com/r/studio-ui/ndk-dir
[CXX5106] NDK was located by using ndk.dir property. This method is deprecated and will be removed in a future release. Please delete ndk.dir from local.properties and set android.ndkVersion to [27.3.13750724] in all native modules in the project. https://developer.android.com/r/studio-ui/ndk-dir
WARNING: [CXX5106] NDK was located by using ndk.dir property. This method is deprecated and will be removed in a future release. Please delete ndk.dir from local.properties and set android.ndkVersion to [27.3.13750724] in all native modules in the project. https://developer.android.com/r/studio-ui/ndk-dir
[CXX5106] NDK was located by using ndk.dir property. This method is deprecated and will be removed in a future release. Please delete ndk.dir from local.properties and set android.ndkVersion to [27.3.13750724] in all native modules in the project. https://developer.android.com/r/studio-ui/ndk-dir
WARNING: [CXX5106] NDK was located by using ndk.dir property. This method is deprecated and will be removed in a future release. Please delete ndk.dir from local.properties and set android.ndkVersion to [27.3.13750724] in all native modules in the project. https://developer.android.com/r/studio-ui/ndk-dir
[CXX5106] NDK was located by using ndk.dir property. This method is deprecated and will be removed in a future release. Please delete ndk.dir from local.properties and set android.ndkVersion to [27.3.13750724] in all native modules in the project. https://developer.android.com/r/studio-ui/ndk-dir
WARNING: [CXX5106] NDK was located by using ndk.dir property. This method is deprecated and will be removed in a future release. Please delete ndk.dir from local.properties and set android.ndkVersion to [27.3.13750724] in all native modules in the project. https://developer.android.com/r/studio-ui/ndk-dir
[CXX5106] NDK was located by using ndk.dir property. This method is deprecated and will be removed in a future release. Please delete ndk.dir from local.properties and set android.ndkVersion to [27.3.13750724] in all native modules in the project. https://developer.android.com/r/studio-ui/ndk-dir
WARNING: [CXX5106] NDK was located by using ndk.dir property. This method is deprecated and will be removed in a future release. Please delete ndk.dir from local.properties and set android.ndkVersion to [27.3.13750724] in all native modules in the project. https://developer.android.com/r/studio-ui/ndk-dir
[CXX5106] NDK was located by using ndk.dir property. This method is deprecated and will be removed in a future release. Please delete ndk.dir from local.properties and set android.ndkVersion to [27.3.13750724] in all native modules in the project. https://developer.android.com/r/studio-ui/ndk-dir
WARNING: [CXX5106] NDK was located by using ndk.dir property. This method is deprecated and will be removed in a future release. Please delete ndk.dir from local.properties and set android.ndkVersion to [27.3.13750724] in all native modules in the project. https://developer.android.com/r/studio-ui/ndk-dir
[CXX5106] NDK was located by using ndk.dir property. This method is deprecated and will be removed in a future release. Please delete ndk.dir from local.properties and set android.ndkVersion to [27.3.13750724] in all native modules in the project. https://developer.android.com/r/studio-ui/ndk-dir
WARNING: [CXX5106] NDK was located by using ndk.dir property. This method is deprecated and will be removed in a future release. Please delete ndk.dir from local.properties and set android.ndkVersion to [27.3.13750724] in all native modules in the project. https://developer.android.com/r/studio-ui/ndk-dir
[CXX5106] NDK was located by using ndk.dir property. This method is deprecated and will be removed in a future release. Please delete ndk.dir from local.properties and set android.ndkVersion to [27.3.13750724] in all native modules in the project. https://developer.android.com/r/studio-ui/ndk-dir

> Configure project :expo-modules-core
WARNING: [CXX5106] NDK was located by using ndk.dir property. This method is deprecated and will be removed in a future release. Please delete ndk.dir from local.properties and set android.ndkVersion to [27.3.13750724] in all native modules in the project. https://developer.android.com/r/studio-ui/ndk-dir
[CXX5106] NDK was located by using ndk.dir property. This method is deprecated and will be removed in a future release. Please delete ndk.dir from local.properties and set android.ndkVersion to [27.3.13750724] in all native modules in the project. https://developer.android.com/r/studio-ui/ndk-dir
WARNING: [CXX5106] NDK was located by using ndk.dir property. This method is deprecated and will be removed in a future release. Please delete ndk.dir from local.properties and set android.ndkVersion to [27.3.13750724] in all native modules in the project. https://developer.android.com/r/studio-ui/ndk-dir
[CXX5106] NDK was located by using ndk.dir property. This method is deprecated and will be removed in a future release. Please delete ndk.dir from local.properties and set android.ndkVersion to [27.3.13750724] in all native modules in the project. https://developer.android.com/r/studio-ui/ndk-dir
WARNING: [CXX5106] NDK was located by using ndk.dir property. This method is deprecated and will be removed in a future release. Please delete ndk.dir from local.properties and set android.ndkVersion to [27.3.13750724] in all native modules in the project. https://developer.android.com/r/studio-ui/ndk-dir
[CXX5106] NDK was located by using ndk.dir property. This method is deprecated and will be removed in a future release. Please delete ndk.dir from local.properties and set android.ndkVersion to [27.3.13750724] in all native modules in the project. https://developer.android.com/r/studio-ui/ndk-dir
WARNING: [CXX5106] NDK was located by using ndk.dir property. This method is deprecated and will be removed in a future release. Please delete ndk.dir from local.properties and set android.ndkVersion to [27.3.13750724] in all native modules in the project. https://developer.android.com/r/studio-ui/ndk-dir
[CXX5106] NDK was located by using ndk.dir property. This method is deprecated and will be removed in a future release. Please delete ndk.dir from local.properties and set android.ndkVersion to [27.3.13750724] in all native modules in the project. https://developer.android.com/r/studio-ui/ndk-dir
WARNING: [CXX5106] NDK was located by using ndk.dir property. This method is deprecated and will be removed in a future release. Please delete ndk.dir from local.properties and set android.ndkVersion to [27.3.13750724] in all native modules in the project. https://developer.android.com/r/studio-ui/ndk-dir
[CXX5106] NDK was located by using ndk.dir property. This method is deprecated and will be removed in a future release. Please delete ndk.dir from local.properties and set android.ndkVersion to [27.3.13750724] in all native modules in the project. https://developer.android.com/r/studio-ui/ndk-dir
WARNING: [CXX5106] NDK was located by using ndk.dir property. This method is deprecated and will be removed in a future release. Please delete ndk.dir from local.properties and set android.ndkVersion to [27.3.13750724] in all native modules in the project. https://developer.android.com/r/studio-ui/ndk-dir
[CXX5106] NDK was located by using ndk.dir property. This method is deprecated and will be removed in a future release. Please delete ndk.dir from local.properties and set android.ndkVersion to [27.3.13750724] in all native modules in the project. https://developer.android.com/r/studio-ui/ndk-dir
WARNING: [CXX5106] NDK was located by using ndk.dir property. This method is deprecated and will be removed in a future release. Please delete ndk.dir from local.properties and set android.ndkVersion to [27.3.13750724] in all native modules in the project. https://developer.android.com/r/studio-ui/ndk-dir
[CXX5106] NDK was located by using ndk.dir property. This method is deprecated and will be removed in a future release. Please delete ndk.dir from local.properties and set android.ndkVersion to [27.3.13750724] in all native modules in the project. https://developer.android.com/r/studio-ui/ndk-dir
WARNING: [CXX5106] NDK was located by using ndk.dir property. This method is deprecated and will be removed in a future release. Please delete ndk.dir from local.properties and set android.ndkVersion to [27.3.13750724] in all native modules in the project. https://developer.android.com/r/studio-ui/ndk-dir
[CXX5106] NDK was located by using ndk.dir property. This method is deprecated and will be removed in a future release. Please delete ndk.dir from local.properties and set android.ndkVersion to [27.3.13750724] in all native modules in the project. https://developer.android.com/r/studio-ui/ndk-dir
WARNING: [CXX5106] NDK was located by using ndk.dir property. This method is deprecated and will be removed in a future release. Please delete ndk.dir from local.properties and set android.ndkVersion to [27.3.13750724] in all native modules in the project. https://developer.android.com/r/studio-ui/ndk-dir
[CXX5106] NDK was located by using ndk.dir property. This method is deprecated and will be removed in a future release. Please delete ndk.dir from local.properties and set android.ndkVersion to [27.3.13750724] in all native modules in the project. https://developer.android.com/r/studio-ui/ndk-dir
WARNING: [CXX5106] NDK was located by using ndk.dir property. This method is deprecated and will be removed in a future release. Please delete ndk.dir from local.properties and set android.ndkVersion to [27.3.13750724] in all native modules in the project. https://developer.android.com/r/studio-ui/ndk-dir
[CXX5106] NDK was located by using ndk.dir property. This method is deprecated and will be removed in a future release. Please delete ndk.dir from local.properties and set android.ndkVersion to [27.3.13750724] in all native modules in the project. https://developer.android.com/r/studio-ui/ndk-dir
WARNING: [CXX5106] NDK was located by using ndk.dir property. This method is deprecated and will be removed in a future release. Please delete ndk.dir from local.properties and set android.ndkVersion to [27.3.13750724] in all native modules in the project. https://developer.android.com/r/studio-ui/ndk-dir
[CXX5106] NDK was located by using ndk.dir property. This method is deprecated and will be removed in a future release. Please delete ndk.dir from local.properties and set android.ndkVersion to [27.3.13750724] in all native modules in the project. https://developer.android.com/r/studio-ui/ndk-dir
WARNING: [CXX5106] NDK was located by using ndk.dir property. This method is deprecated and will be removed in a future release. Please delete ndk.dir from local.properties and set android.ndkVersion to [27.3.13750724] in all native modules in the project. https://developer.android.com/r/studio-ui/ndk-dir
[CXX5106] NDK was located by using ndk.dir property. This method is deprecated and will be removed in a future release. Please delete ndk.dir from local.properties and set android.ndkVersion to [27.3.13750724] in all native modules in the project. https://developer.android.com/r/studio-ui/ndk-dir
WARNING: [CXX5106] NDK was located by using ndk.dir property. This method is deprecated and will be removed in a future release. Please delete ndk.dir from local.properties and set android.ndkVersion to [27.3.13750724] in all native modules in the project. https://developer.android.com/r/studio-ui/ndk-dir
[CXX5106] NDK was located by using ndk.dir property. This method is deprecated and will be removed in a future release. Please delete ndk.dir from local.properties and set android.ndkVersion to [27.3.13750724] in all native modules in the project. https://developer.android.com/r/studio-ui/ndk-dir

> Configure project :expo

Using expo modules
  - [32mexpo-application[0m (6.0.2)
  - [32mexpo-asset[0m (11.0.5)
  - [32mexpo-clipboard[0m (7.0.1)
  - [32mexpo-constants[0m (17.0.8)
  - [32mexpo-document-picker[0m (13.0.3)
  - [32mexpo-file-system[0m (18.0.12)
  - [32mexpo-font[0m (13.0.4)
  - [32mexpo-local-authentication[0m (14.0.1)
  - [32mexpo-modules-core[0m (2.2.3)
  - [32mexpo-notifications[0m (0.29.14)
  - [32mexpo-sharing[0m (13.0.1)


> Configure project :react-native-reanimated
Android gradle plugin: 8.6.0
Gradle: 8.10.2
WARNING: [CXX5106] NDK was located by using ndk.dir property. This method is deprecated and will be removed in a future release. Please delete ndk.dir from local.properties and set android.ndkVersion to [27.3.13750724] in all native modules in the project. https://developer.android.com/r/studio-ui/ndk-dir
[CXX5106] NDK was located by using ndk.dir property. This method is deprecated and will be removed in a future release. Please delete ndk.dir from local.properties and set android.ndkVersion to [27.3.13750724] in all native modules in the project. https://developer.android.com/r/studio-ui/ndk-dir
WARNING: [CXX5106] NDK was located by using ndk.dir property. This method is deprecated and will be removed in a future release. Please delete ndk.dir from local.properties and set android.ndkVersion to [27.3.13750724] in all native modules in the project. https://developer.android.com/r/studio-ui/ndk-dir
[CXX5106] NDK was located by using ndk.dir property. This method is deprecated and will be removed in a future release. Please delete ndk.dir from local.properties and set android.ndkVersion to [27.3.13750724] in all native modules in the project. https://developer.android.com/r/studio-ui/ndk-dir
WARNING: [CXX5106] NDK was located by using ndk.dir property. This method is deprecated and will be removed in a future release. Please delete ndk.dir from local.properties and set android.ndkVersion to [27.3.13750724] in all native modules in the project. https://developer.android.com/r/studio-ui/ndk-dir
[CXX5106] NDK was located by using ndk.dir property. This method is deprecated and will be removed in a future release. Please delete ndk.dir from local.properties and set android.ndkVersion to [27.3.13750724] in all native modules in the project. https://developer.android.com/r/studio-ui/ndk-dir
WARNING: [CXX5106] NDK was located by using ndk.dir property. This method is deprecated and will be removed in a future release. Please delete ndk.dir from local.properties and set android.ndkVersion to [27.3.13750724] in all native modules in the project. https://developer.android.com/r/studio-ui/ndk-dir
[CXX5106] NDK was located by using ndk.dir property. This method is deprecated and will be removed in a future release. Please delete ndk.dir from local.properties and set android.ndkVersion to [27.3.13750724] in all native modules in the project. https://developer.android.com/r/studio-ui/ndk-dir
WARNING: [CXX5106] NDK was located by using ndk.dir property. This method is deprecated and will be removed in a future release. Please delete ndk.dir from local.properties and set android.ndkVersion to [27.3.13750724] in all native modules in the project. https://developer.android.com/r/studio-ui/ndk-dir
[CXX5106] NDK was located by using ndk.dir property. This method is deprecated and will be removed in a future release. Please delete ndk.dir from local.properties and set android.ndkVersion to [27.3.13750724] in all native modules in the project. https://developer.android.com/r/studio-ui/ndk-dir
WARNING: [CXX5106] NDK was located by using ndk.dir property. This method is deprecated and will be removed in a future release. Please delete ndk.dir from local.properties and set android.ndkVersion to [27.3.13750724] in all native modules in the project. https://developer.android.com/r/studio-ui/ndk-dir
[CXX5106] NDK was located by using ndk.dir property. This method is deprecated and will be removed in a future release. Please delete ndk.dir from local.properties and set android.ndkVersion to [27.3.13750724] in all native modules in the project. https://developer.android.com/r/studio-ui/ndk-dir
WARNING: [CXX5106] NDK was located by using ndk.dir property. This method is deprecated and will be removed in a future release. Please delete ndk.dir from local.properties and set android.ndkVersion to [27.3.13750724] in all native modules in the project. https://developer.android.com/r/studio-ui/ndk-dir
[CXX5106] NDK was located by using ndk.dir property. This method is deprecated and will be removed in a future release. Please delete ndk.dir from local.properties and set android.ndkVersion to [27.3.13750724] in all native modules in the project. https://developer.android.com/r/studio-ui/ndk-dir
WARNING: [CXX5106] NDK was located by using ndk.dir property. This method is deprecated and will be removed in a future release. Please delete ndk.dir from local.properties and set android.ndkVersion to [27.3.13750724] in all native modules in the project. https://developer.android.com/r/studio-ui/ndk-dir
[CXX5106] NDK was located by using ndk.dir property. This method is deprecated and will be removed in a future release. Please delete ndk.dir from local.properties and set android.ndkVersion to [27.3.13750724] in all native modules in the project. https://developer.android.com/r/studio-ui/ndk-dir
WARNING: [CXX5106] NDK was located by using ndk.dir property. This method is deprecated and will be removed in a future release. Please delete ndk.dir from local.properties and set android.ndkVersion to [27.3.13750724] in all native modules in the project. https://developer.android.com/r/studio-ui/ndk-dir
[CXX5106] NDK was located by using ndk.dir property. This method is deprecated and will be removed in a future release. Please delete ndk.dir from local.properties and set android.ndkVersion to [27.3.13750724] in all native modules in the project. https://developer.android.com/r/studio-ui/ndk-dir
WARNING: [CXX5106] NDK was located by using ndk.dir property. This method is deprecated and will be removed in a future release. Please delete ndk.dir from local.properties and set android.ndkVersion to [27.3.13750724] in all native modules in the project. https://developer.android.com/r/studio-ui/ndk-dir
[CXX5106] NDK was located by using ndk.dir property. This method is deprecated and will be removed in a future release. Please delete ndk.dir from local.properties and set android.ndkVersion to [27.3.13750724] in all native modules in the project. https://developer.android.com/r/studio-ui/ndk-dir
WARNING: [CXX5106] NDK was located by using ndk.dir property. This method is deprecated and will be removed in a future release. Please delete ndk.dir from local.properties and set android.ndkVersion to [27.3.13750724] in all native modules in the project. https://developer.android.com/r/studio-ui/ndk-dir
[CXX5106] NDK was located by using ndk.dir property. This method is deprecated and will be removed in a future release. Please delete ndk.dir from local.properties and set android.ndkVersion to [27.3.13750724] in all native modules in the project. https://developer.android.com/r/studio-ui/ndk-dir
WARNING: [CXX5106] NDK was located by using ndk.dir property. This method is deprecated and will be removed in a future release. Please delete ndk.dir from local.properties and set android.ndkVersion to [27.3.13750724] in all native modules in the project. https://developer.android.com/r/studio-ui/ndk-dir
[CXX5106] NDK was located by using ndk.dir property. This method is deprecated and will be removed in a future release. Please delete ndk.dir from local.properties and set android.ndkVersion to [27.3.13750724] in all native modules in the project. https://developer.android.com/r/studio-ui/ndk-dir
WARNING: [CXX5106] NDK was located by using ndk.dir property. This method is deprecated and will be removed in a future release. Please delete ndk.dir from local.properties and set android.ndkVersion to [27.3.13750724] in all native modules in the project. https://developer.android.com/r/studio-ui/ndk-dir
[CXX5106] NDK was located by using ndk.dir property. This method is deprecated and will be removed in a future release. Please delete ndk.dir from local.properties and set android.ndkVersion to [27.3.13750724] in all native modules in the project. https://developer.android.com/r/studio-ui/ndk-dir

> Configure project :react-native-screens
WARNING: [CXX5106] NDK was located by using ndk.dir property. This method is deprecated and will be removed in a future release. Please delete ndk.dir from local.properties and set android.ndkVersion to [27.3.13750724] in all native modules in the project. https://developer.android.com/r/studio-ui/ndk-dir
[CXX5106] NDK was located by using ndk.dir property. This method is deprecated and will be removed in a future release. Please delete ndk.dir from local.properties and set android.ndkVersion to [27.3.13750724] in all native modules in the project. https://developer.android.com/r/studio-ui/ndk-dir
WARNING: [CXX5106] NDK was located by using ndk.dir property. This method is deprecated and will be removed in a future release. Please delete ndk.dir from local.properties and set android.ndkVersion to [27.3.13750724] in all native modules in the project. https://developer.android.com/r/studio-ui/ndk-dir
[CXX5106] NDK was located by using ndk.dir property. This method is deprecated and will be removed in a future release. Please delete ndk.dir from local.properties and set android.ndkVersion to [27.3.13750724] in all native modules in the project. https://developer.android.com/r/studio-ui/ndk-dir
WARNING: [CXX5106] NDK was located by using ndk.dir property. This method is deprecated and will be removed in a future release. Please delete ndk.dir from local.properties and set android.ndkVersion to [27.3.13750724] in all native modules in the project. https://developer.android.com/r/studio-ui/ndk-dir
[CXX5106] NDK was located by using ndk.dir property. This method is deprecated and will be removed in a future release. Please delete ndk.dir from local.properties and set android.ndkVersion to [27.3.13750724] in all native modules in the project. https://developer.android.com/r/studio-ui/ndk-dir
WARNING: [CXX5106] NDK was located by using ndk.dir property. This method is deprecated and will be removed in a future release. Please delete ndk.dir from local.properties and set android.ndkVersion to [27.3.13750724] in all native modules in the project. https://developer.android.com/r/studio-ui/ndk-dir
[CXX5106] NDK was located by using ndk.dir property. This method is deprecated and will be removed in a future release. Please delete ndk.dir from local.properties and set android.ndkVersion to [27.3.13750724] in all native modules in the project. https://developer.android.com/r/studio-ui/ndk-dir
WARNING: [CXX5106] NDK was located by using ndk.dir property. This method is deprecated and will be removed in a future release. Please delete ndk.dir from local.properties and set android.ndkVersion to [27.3.13750724] in all native modules in the project. https://developer.android.com/r/studio-ui/ndk-dir
[CXX5106] NDK was located by using ndk.dir property. This method is deprecated and will be removed in a future release. Please delete ndk.dir from local.properties and set android.ndkVersion to [27.3.13750724] in all native modules in the project. https://developer.android.com/r/studio-ui/ndk-dir
WARNING: [CXX5106] NDK was located by using ndk.dir property. This method is deprecated and will be removed in a future release. Please delete ndk.dir from local.properties and set android.ndkVersion to [27.3.13750724] in all native modules in the project. https://developer.android.com/r/studio-ui/ndk-dir
[CXX5106] NDK was located by using ndk.dir property. This method is deprecated and will be removed in a future release. Please delete ndk.dir from local.properties and set android.ndkVersion to [27.3.13750724] in all native modules in the project. https://developer.android.com/r/studio-ui/ndk-dir
WARNING: [CXX5106] NDK was located by using ndk.dir property. This method is deprecated and will be removed in a future release. Please delete ndk.dir from local.properties and set android.ndkVersion to [27.3.13750724] in all native modules in the project. https://developer.android.com/r/studio-ui/ndk-dir
[CXX5106] NDK was located by using ndk.dir property. This method is deprecated and will be removed in a future release. Please delete ndk.dir from local.properties and set android.ndkVersion to [27.3.13750724] in all native modules in the project. https://developer.android.com/r/studio-ui/ndk-dir
WARNING: [CXX5106] NDK was located by using ndk.dir property. This method is deprecated and will be removed in a future release. Please delete ndk.dir from local.properties and set android.ndkVersion to [27.3.13750724] in all native modules in the project. https://developer.android.com/r/studio-ui/ndk-dir
[CXX5106] NDK was located by using ndk.dir property. This method is deprecated and will be removed in a future release. Please delete ndk.dir from local.properties and set android.ndkVersion to [27.3.13750724] in all native modules in the project. https://developer.android.com/r/studio-ui/ndk-dir
WARNING: [CXX5106] NDK was located by using ndk.dir property. This method is deprecated and will be removed in a future release. Please delete ndk.dir from local.properties and set android.ndkVersion to [27.3.13750724] in all native modules in the project. https://developer.android.com/r/studio-ui/ndk-dir
[CXX5106] NDK was located by using ndk.dir property. This method is deprecated and will be removed in a future release. Please delete ndk.dir from local.properties and set android.ndkVersion to [27.3.13750724] in all native modules in the project. https://developer.android.com/r/studio-ui/ndk-dir
WARNING: [CXX5106] NDK was located by using ndk.dir property. This method is deprecated and will be removed in a future release. Please delete ndk.dir from local.properties and set android.ndkVersion to [27.3.13750724] in all native modules in the project. https://developer.android.com/r/studio-ui/ndk-dir
[CXX5106] NDK was located by using ndk.dir property. This method is deprecated and will be removed in a future release. Please delete ndk.dir from local.properties and set android.ndkVersion to [27.3.13750724] in all native modules in the project. https://developer.android.com/r/studio-ui/ndk-dir
WARNING: [CXX5106] NDK was located by using ndk.dir property. This method is deprecated and will be removed in a future release. Please delete ndk.dir from local.properties and set android.ndkVersion to [27.3.13750724] in all native modules in the project. https://developer.android.com/r/studio-ui/ndk-dir
[CXX5106] NDK was located by using ndk.dir property. This method is deprecated and will be removed in a future release. Please delete ndk.dir from local.properties and set android.ndkVersion to [27.3.13750724] in all native modules in the project. https://developer.android.com/r/studio-ui/ndk-dir
WARNING: [CXX5106] NDK was located by using ndk.dir property. This method is deprecated and will be removed in a future release. Please delete ndk.dir from local.properties and set android.ndkVersion to [27.3.13750724] in all native modules in the project. https://developer.android.com/r/studio-ui/ndk-dir
[CXX5106] NDK was located by using ndk.dir property. This method is deprecated and will be removed in a future release. Please delete ndk.dir from local.properties and set android.ndkVersion to [27.3.13750724] in all native modules in the project. https://developer.android.com/r/studio-ui/ndk-dir
WARNING: [CXX5106] NDK was located by using ndk.dir property. This method is deprecated and will be removed in a future release. Please delete ndk.dir from local.properties and set android.ndkVersion to [27.3.13750724] in all native modules in the project. https://developer.android.com/r/studio-ui/ndk-dir
[CXX5106] NDK was located by using ndk.dir property. This method is deprecated and will be removed in a future release. Please delete ndk.dir from local.properties and set android.ndkVersion to [27.3.13750724] in all native modules in the project. https://developer.android.com/r/studio-ui/ndk-dir

> Task :app:checkKotlinGradlePluginConfigurationErrors
> Task :app:generateAutolinkingNewArchitectureFiles UP-TO-DATE
> Task :app:generateAutolinkingPackageList UP-TO-DATE
> Task :app:generateCodegenSchemaFromJavaScript SKIPPED
> Task :app:generateCodegenArtifactsFromSchema SKIPPED
> Task :app:preBuild UP-TO-DATE
> Task :app:preReleaseBuild UP-TO-DATE
> Task :app:generateReleaseBuildConfig UP-TO-DATE
> Task :expo:generateExpoModulesPackageListTask UP-TO-DATE
> Task :expo:preBuild UP-TO-DATE
> Task :expo:preReleaseBuild UP-TO-DATE
> Task :expo:writeReleaseAarMetadata UP-TO-DATE
> Task :expo-application:preBuild UP-TO-DATE
> Task :expo-application:preReleaseBuild UP-TO-DATE
> Task :expo-application:writeReleaseAarMetadata UP-TO-DATE
> Task :expo-asset:preBuild UP-TO-DATE
> Task :expo-asset:preReleaseBuild UP-TO-DATE
> Task :expo-asset:writeReleaseAarMetadata UP-TO-DATE
> Task :expo-clipboard:preBuild UP-TO-DATE
> Task :expo-clipboard:preReleaseBuild UP-TO-DATE
> Task :expo-clipboard:writeReleaseAarMetadata UP-TO-DATE

> Task :expo-constants:createExpoConfig
The NODE_ENV environment variable is required but was not specified. Ensure the project is bundled with Expo CLI or NODE_ENV is set.

Proceeding without mode-specific .env
> Task :expo-constants:preBuild
> Task :expo-constants:preReleaseBuild
> Task :expo-constants:writeReleaseAarMetadata UP-TO-DATE
> Task :expo-document-picker:preBuild UP-TO-DATE
> Task :expo-document-picker:preReleaseBuild UP-TO-DATE
> Task :expo-document-picker:writeReleaseAarMetadata UP-TO-DATE
> Task :expo-file-system:preBuild UP-TO-DATE
> Task :expo-file-system:preReleaseBuild UP-TO-DATE
> Task :expo-file-system:writeReleaseAarMetadata UP-TO-DATE
> Task :expo-font:preBuild UP-TO-DATE
> Task :expo-font:preReleaseBuild UP-TO-DATE
> Task :expo-font:writeReleaseAarMetadata UP-TO-DATE
> Task :expo-local-authentication:preBuild UP-TO-DATE
> Task :expo-local-authentication:preReleaseBuild UP-TO-DATE
> Task :expo-local-authentication:writeReleaseAarMetadata UP-TO-DATE
> Task :expo-modules-core:preBuild UP-TO-DATE
> Task :expo-modules-core:preReleaseBuild UP-TO-DATE
> Task :expo-modules-core:writeReleaseAarMetadata UP-TO-DATE
> Task :expo-notifications:preBuild UP-TO-DATE
> Task :expo-notifications:preReleaseBuild UP-TO-DATE
> Task :expo-notifications:writeReleaseAarMetadata UP-TO-DATE
> Task :expo-sharing:preBuild UP-TO-DATE
> Task :expo-sharing:preReleaseBuild UP-TO-DATE
> Task :expo-sharing:writeReleaseAarMetadata UP-TO-DATE
> Task :react-native-async-storage_async-storage:generateCodegenSchemaFromJavaScript UP-TO-DATE
> Task :react-native-async-storage_async-storage:generateCodegenArtifactsFromSchema UP-TO-DATE
> Task :react-native-async-storage_async-storage:preBuild UP-TO-DATE
> Task :react-native-async-storage_async-storage:preReleaseBuild UP-TO-DATE
> Task :react-native-async-storage_async-storage:writeReleaseAarMetadata UP-TO-DATE
> Task :react-native-reanimated:assertLatestReactNativeWithNewArchitectureTask SKIPPED
> Task :react-native-reanimated:assertMinimalReactNativeVersionTask SKIPPED
> Task :react-native-reanimated:generateCodegenSchemaFromJavaScript UP-TO-DATE
> Task :react-native-reanimated:generateCodegenArtifactsFromSchema UP-TO-DATE
> Task :react-native-reanimated:prepareReanimatedHeadersForPrefabs UP-TO-DATE
> Task :react-native-reanimated:prepareWorkletsHeadersForPrefabs UP-TO-DATE
> Task :react-native-reanimated:preBuild UP-TO-DATE
> Task :react-native-reanimated:preReleaseBuild UP-TO-DATE
> Task :react-native-reanimated:writeReleaseAarMetadata UP-TO-DATE
> Task :react-native-safe-area-context:generateCodegenSchemaFromJavaScript UP-TO-DATE
> Task :react-native-safe-area-context:generateCodegenArtifactsFromSchema UP-TO-DATE
> Task :react-native-safe-area-context:preBuild UP-TO-DATE
> Task :react-native-safe-area-context:preReleaseBuild UP-TO-DATE
> Task :react-native-safe-area-context:writeReleaseAarMetadata UP-TO-DATE
> Task :react-native-screens:generateCodegenSchemaFromJavaScript UP-TO-DATE
> Task :react-native-screens:generateCodegenArtifactsFromSchema UP-TO-DATE
> Task :react-native-screens:preBuild UP-TO-DATE
> Task :react-native-screens:preReleaseBuild UP-TO-DATE
> Task :react-native-screens:writeReleaseAarMetadata UP-TO-DATE
> Task :react-native-svg:generateCodegenSchemaFromJavaScript UP-TO-DATE
> Task :react-native-svg:generateCodegenArtifactsFromSchema UP-TO-DATE
> Task :react-native-svg:preBuild UP-TO-DATE
> Task :react-native-svg:preReleaseBuild UP-TO-DATE
> Task :react-native-svg:writeReleaseAarMetadata UP-TO-DATE
> Task :app:checkReleaseAarMetadata UP-TO-DATE
> Task :app:createBundleReleaseJsAndAssets UP-TO-DATE
> Task :app:generateReleaseResValues UP-TO-DATE
> Task :expo:generateReleaseResValues UP-TO-DATE
> Task :expo:generateReleaseResources UP-TO-DATE
> Task :expo:packageReleaseResources UP-TO-DATE
> Task :expo-application:generateReleaseResValues UP-TO-DATE
> Task :expo-application:generateReleaseResources UP-TO-DATE
> Task :expo-application:packageReleaseResources UP-TO-DATE
> Task :expo-asset:generateReleaseResValues UP-TO-DATE
> Task :expo-asset:generateReleaseResources UP-TO-DATE
> Task :expo-asset:packageReleaseResources UP-TO-DATE
> Task :expo-clipboard:generateReleaseResValues UP-TO-DATE
> Task :expo-clipboard:generateReleaseResources UP-TO-DATE
> Task :expo-clipboard:packageReleaseResources UP-TO-DATE
> Task :expo-constants:generateReleaseResValues UP-TO-DATE
> Task :expo-constants:generateReleaseResources UP-TO-DATE
> Task :expo-constants:packageReleaseResources UP-TO-DATE
> Task :expo-document-picker:generateReleaseResValues UP-TO-DATE
> Task :expo-document-picker:generateReleaseResources UP-TO-DATE
> Task :expo-document-picker:packageReleaseResources UP-TO-DATE
> Task :expo-file-system:generateReleaseResValues UP-TO-DATE
> Task :expo-file-system:generateReleaseResources UP-TO-DATE
> Task :expo-file-system:packageReleaseResources UP-TO-DATE
> Task :expo-font:generateReleaseResValues UP-TO-DATE
> Task :expo-font:generateReleaseResources UP-TO-DATE
> Task :expo-font:packageReleaseResources UP-TO-DATE
> Task :expo-local-authentication:generateReleaseResValues UP-TO-DATE
> Task :expo-local-authentication:generateReleaseResources UP-TO-DATE
> Task :expo-local-authentication:packageReleaseResources UP-TO-DATE
> Task :expo-modules-core:generateReleaseResValues UP-TO-DATE
> Task :expo-modules-core:generateReleaseResources UP-TO-DATE
> Task :expo-modules-core:packageReleaseResources UP-TO-DATE
> Task :expo-notifications:generateReleaseResValues UP-TO-DATE
> Task :expo-notifications:generateReleaseResources UP-TO-DATE
> Task :expo-notifications:packageReleaseResources UP-TO-DATE
> Task :expo-sharing:generateReleaseResValues UP-TO-DATE
> Task :expo-sharing:generateReleaseResources UP-TO-DATE
> Task :expo-sharing:packageReleaseResources UP-TO-DATE
> Task :react-native-async-storage_async-storage:generateReleaseResValues UP-TO-DATE
> Task :react-native-async-storage_async-storage:generateReleaseResources UP-TO-DATE
> Task :react-native-async-storage_async-storage:packageReleaseResources UP-TO-DATE
> Task :react-native-reanimated:generateReleaseResValues UP-TO-DATE
> Task :react-native-reanimated:generateReleaseResources UP-TO-DATE
> Task :react-native-reanimated:packageReleaseResources UP-TO-DATE
> Task :react-native-safe-area-context:generateReleaseResValues UP-TO-DATE
> Task :react-native-safe-area-context:generateReleaseResources UP-TO-DATE
> Task :react-native-safe-area-context:packageReleaseResources UP-TO-DATE
> Task :react-native-screens:generateReleaseResValues UP-TO-DATE
> Task :react-native-screens:generateReleaseResources UP-TO-DATE
> Task :react-native-screens:packageReleaseResources UP-TO-DATE
> Task :react-native-svg:generateReleaseResValues UP-TO-DATE
> Task :react-native-svg:generateReleaseResources UP-TO-DATE
> Task :react-native-svg:packageReleaseResources UP-TO-DATE
> Task :app:mapReleaseSourceSetPaths UP-TO-DATE
> Task :app:generateReleaseResources UP-TO-DATE
> Task :app:mergeReleaseResources UP-TO-DATE
> Task :app:packageReleaseResources UP-TO-DATE
> Task :app:parseReleaseLocalResources UP-TO-DATE
> Task :app:createReleaseCompatibleScreenManifests UP-TO-DATE
> Task :app:extractDeepLinksRelease UP-TO-DATE
> Task :expo:extractDeepLinksRelease UP-TO-DATE
> Task :expo:processReleaseManifest UP-TO-DATE
> Task :expo-application:extractDeepLinksRelease UP-TO-DATE
> Task :expo-application:processReleaseManifest UP-TO-DATE
> Task :expo-asset:extractDeepLinksRelease UP-TO-DATE
> Task :expo-asset:processReleaseManifest UP-TO-DATE
> Task :expo-clipboard:extractDeepLinksRelease UP-TO-DATE
> Task :expo-clipboard:processReleaseManifest UP-TO-DATE
> Task :expo-constants:extractDeepLinksRelease UP-TO-DATE
> Task :expo-constants:processReleaseManifest UP-TO-DATE
> Task :expo-document-picker:extractDeepLinksRelease UP-TO-DATE
> Task :expo-document-picker:processReleaseManifest UP-TO-DATE
> Task :expo-file-system:extractDeepLinksRelease UP-TO-DATE
> Task :expo-file-system:processReleaseManifest UP-TO-DATE
> Task :expo-font:extractDeepLinksRelease UP-TO-DATE
> Task :expo-font:processReleaseManifest UP-TO-DATE
> Task :expo-local-authentication:extractDeepLinksRelease UP-TO-DATE
> Task :expo-local-authentication:processReleaseManifest UP-TO-DATE
> Task :expo-modules-core:extractDeepLinksRelease UP-TO-DATE
> Task :expo-modules-core:processReleaseManifest UP-TO-DATE
> Task :expo-notifications:extractDeepLinksRelease UP-TO-DATE
> Task :expo-notifications:processReleaseManifest UP-TO-DATE
> Task :expo-sharing:extractDeepLinksRelease UP-TO-DATE
> Task :expo-sharing:processReleaseManifest UP-TO-DATE
> Task :react-native-async-storage_async-storage:extractDeepLinksRelease UP-TO-DATE
> Task :react-native-async-storage_async-storage:processReleaseManifest UP-TO-DATE
> Task :react-native-reanimated:extractDeepLinksRelease UP-TO-DATE
> Task :react-native-reanimated:processReleaseManifest UP-TO-DATE
> Task :react-native-safe-area-context:extractDeepLinksRelease UP-TO-DATE
> Task :react-native-safe-area-context:processReleaseManifest UP-TO-DATE
> Task :react-native-screens:extractDeepLinksRelease UP-TO-DATE
> Task :react-native-screens:processReleaseManifest UP-TO-DATE
> Task :react-native-svg:extractDeepLinksRelease UP-TO-DATE
> Task :react-native-svg:processReleaseManifest UP-TO-DATE
> Task :app:processReleaseMainManifest UP-TO-DATE
> Task :app:processReleaseManifest UP-TO-DATE
> Task :app:processReleaseManifestForPackage UP-TO-DATE
> Task :expo:compileReleaseLibraryResources UP-TO-DATE
> Task :expo:parseReleaseLocalResources UP-TO-DATE
> Task :expo:generateReleaseRFile UP-TO-DATE
> Task :expo-application:compileReleaseLibraryResources UP-TO-DATE
> Task :expo-application:parseReleaseLocalResources UP-TO-DATE
> Task :expo-application:generateReleaseRFile UP-TO-DATE
> Task :expo-asset:compileReleaseLibraryResources UP-TO-DATE
> Task :expo-asset:parseReleaseLocalResources UP-TO-DATE
> Task :expo-asset:generateReleaseRFile UP-TO-DATE
> Task :expo-clipboard:compileReleaseLibraryResources UP-TO-DATE
> Task :expo-clipboard:parseReleaseLocalResources UP-TO-DATE
> Task :expo-clipboard:generateReleaseRFile UP-TO-DATE
> Task :expo-constants:compileReleaseLibraryResources UP-TO-DATE
> Task :expo-constants:parseReleaseLocalResources UP-TO-DATE
> Task :expo-constants:generateReleaseRFile UP-TO-DATE
> Task :expo-document-picker:compileReleaseLibraryResources UP-TO-DATE
> Task :expo-document-picker:parseReleaseLocalResources UP-TO-DATE
> Task :expo-document-picker:generateReleaseRFile UP-TO-DATE
> Task :expo-file-system:compileReleaseLibraryResources UP-TO-DATE
> Task :expo-file-system:parseReleaseLocalResources UP-TO-DATE
> Task :expo-file-system:generateReleaseRFile UP-TO-DATE
> Task :expo-font:compileReleaseLibraryResources UP-TO-DATE
> Task :expo-font:parseReleaseLocalResources UP-TO-DATE
> Task :expo-font:generateReleaseRFile UP-TO-DATE
> Task :expo-local-authentication:compileReleaseLibraryResources UP-TO-DATE
> Task :expo-local-authentication:parseReleaseLocalResources UP-TO-DATE
> Task :expo-local-authentication:generateReleaseRFile UP-TO-DATE
> Task :expo-modules-core:compileReleaseLibraryResources UP-TO-DATE
> Task :expo-modules-core:parseReleaseLocalResources UP-TO-DATE
> Task :expo-modules-core:generateReleaseRFile UP-TO-DATE
> Task :expo-notifications:compileReleaseLibraryResources UP-TO-DATE
> Task :expo-notifications:parseReleaseLocalResources UP-TO-DATE
> Task :expo-notifications:generateReleaseRFile UP-TO-DATE
> Task :expo-sharing:compileReleaseLibraryResources UP-TO-DATE
> Task :expo-sharing:parseReleaseLocalResources UP-TO-DATE
> Task :expo-sharing:generateReleaseRFile UP-TO-DATE
> Task :react-native-async-storage_async-storage:compileReleaseLibraryResources UP-TO-DATE
> Task :react-native-async-storage_async-storage:parseReleaseLocalResources UP-TO-DATE
> Task :react-native-async-storage_async-storage:generateReleaseRFile UP-TO-DATE
> Task :react-native-reanimated:compileReleaseLibraryResources UP-TO-DATE
> Task :react-native-reanimated:parseReleaseLocalResources UP-TO-DATE
> Task :react-native-reanimated:generateReleaseRFile UP-TO-DATE
> Task :react-native-safe-area-context:compileReleaseLibraryResources UP-TO-DATE
> Task :react-native-safe-area-context:parseReleaseLocalResources UP-TO-DATE
> Task :react-native-safe-area-context:generateReleaseRFile UP-TO-DATE
> Task :react-native-screens:compileReleaseLibraryResources UP-TO-DATE
> Task :react-native-screens:parseReleaseLocalResources UP-TO-DATE
> Task :react-native-screens:generateReleaseRFile UP-TO-DATE
> Task :react-native-svg:compileReleaseLibraryResources UP-TO-DATE
> Task :react-native-svg:parseReleaseLocalResources UP-TO-DATE
> Task :react-native-svg:generateReleaseRFile UP-TO-DATE
> Task :app:processReleaseResources UP-TO-DATE
> Task :expo:checkKotlinGradlePluginConfigurationErrors
> Task :expo:generateReleaseBuildConfig UP-TO-DATE
> Task :expo-application:checkKotlinGradlePluginConfigurationErrors
> Task :expo-application:generateReleaseBuildConfig UP-TO-DATE
> Task :expo-modules-core:checkKotlinGradlePluginConfigurationErrors
> Task :expo-modules-core:generateReleaseBuildConfig UP-TO-DATE
> Task :expo-modules-core:compileReleaseKotlin UP-TO-DATE
> Task :expo-modules-core:javaPreCompileRelease UP-TO-DATE
> Task :expo-modules-core:compileReleaseJavaWithJavac UP-TO-DATE
> Task :expo-modules-core:bundleLibCompileToJarRelease UP-TO-DATE
> Task :expo-application:compileReleaseKotlin UP-TO-DATE
> Task :expo-application:javaPreCompileRelease UP-TO-DATE
> Task :expo-application:compileReleaseJavaWithJavac UP-TO-DATE
> Task :expo-application:bundleLibCompileToJarRelease UP-TO-DATE
> Task :expo-asset:checkKotlinGradlePluginConfigurationErrors
> Task :expo-asset:generateReleaseBuildConfig UP-TO-DATE
> Task :expo-asset:compileReleaseKotlin UP-TO-DATE
> Task :expo-asset:javaPreCompileRelease UP-TO-DATE
> Task :expo-asset:compileReleaseJavaWithJavac UP-TO-DATE
> Task :expo-asset:bundleLibCompileToJarRelease UP-TO-DATE
> Task :expo-clipboard:checkKotlinGradlePluginConfigurationErrors
> Task :expo-clipboard:generateReleaseBuildConfig UP-TO-DATE
> Task :expo-clipboard:compileReleaseKotlin UP-TO-DATE
> Task :expo-clipboard:javaPreCompileRelease UP-TO-DATE
> Task :expo-clipboard:compileReleaseJavaWithJavac UP-TO-DATE
> Task :expo-clipboard:bundleLibCompileToJarRelease UP-TO-DATE
> Task :expo-constants:checkKotlinGradlePluginConfigurationErrors
> Task :expo-constants:generateReleaseBuildConfig UP-TO-DATE
> Task :expo-constants:compileReleaseKotlin UP-TO-DATE
> Task :expo-constants:javaPreCompileRelease UP-TO-DATE
> Task :expo-constants:compileReleaseJavaWithJavac UP-TO-DATE
> Task :expo-constants:bundleLibCompileToJarRelease UP-TO-DATE
> Task :expo-document-picker:checkKotlinGradlePluginConfigurationErrors
> Task :expo-document-picker:generateReleaseBuildConfig UP-TO-DATE
> Task :expo-document-picker:compileReleaseKotlin UP-TO-DATE
> Task :expo-document-picker:javaPreCompileRelease UP-TO-DATE
> Task :expo-document-picker:compileReleaseJavaWithJavac UP-TO-DATE
> Task :expo-document-picker:bundleLibCompileToJarRelease UP-TO-DATE
> Task :expo-file-system:checkKotlinGradlePluginConfigurationErrors
> Task :expo-file-system:generateReleaseBuildConfig UP-TO-DATE
> Task :expo-file-system:compileReleaseKotlin UP-TO-DATE
> Task :expo-file-system:javaPreCompileRelease UP-TO-DATE
> Task :expo-file-system:compileReleaseJavaWithJavac UP-TO-DATE
> Task :expo-file-system:bundleLibCompileToJarRelease UP-TO-DATE
> Task :expo-font:checkKotlinGradlePluginConfigurationErrors
> Task :expo-font:generateReleaseBuildConfig UP-TO-DATE
> Task :expo-font:compileReleaseKotlin UP-TO-DATE
> Task :expo-font:javaPreCompileRelease UP-TO-DATE
> Task :expo-font:compileReleaseJavaWithJavac UP-TO-DATE
> Task :expo-font:bundleLibCompileToJarRelease UP-TO-DATE
> Task :expo-local-authentication:checkKotlinGradlePluginConfigurationErrors
> Task :expo-local-authentication:generateReleaseBuildConfig UP-TO-DATE
> Task :expo-local-authentication:compileReleaseKotlin UP-TO-DATE
> Task :expo-local-authentication:javaPreCompileRelease UP-TO-DATE
> Task :expo-local-authentication:compileReleaseJavaWithJavac UP-TO-DATE
> Task :expo-local-authentication:bundleLibCompileToJarRelease UP-TO-DATE
> Task :expo-notifications:checkKotlinGradlePluginConfigurationErrors
> Task :expo-notifications:generateReleaseBuildConfig UP-TO-DATE
> Task :expo-notifications:compileReleaseKotlin UP-TO-DATE
> Task :expo-notifications:javaPreCompileRelease UP-TO-DATE
> Task :expo-notifications:compileReleaseJavaWithJavac UP-TO-DATE
> Task :expo-notifications:bundleLibCompileToJarRelease UP-TO-DATE
> Task :expo-sharing:checkKotlinGradlePluginConfigurationErrors
> Task :expo-sharing:generateReleaseBuildConfig UP-TO-DATE
> Task :expo-sharing:compileReleaseKotlin UP-TO-DATE
> Task :expo-sharing:javaPreCompileRelease UP-TO-DATE
> Task :expo-sharing:compileReleaseJavaWithJavac UP-TO-DATE
> Task :expo-sharing:bundleLibCompileToJarRelease UP-TO-DATE
> Task :expo:compileReleaseKotlin UP-TO-DATE
> Task :expo:javaPreCompileRelease UP-TO-DATE
> Task :expo:compileReleaseJavaWithJavac UP-TO-DATE
> Task :expo:bundleLibCompileToJarRelease UP-TO-DATE
> Task :react-native-async-storage_async-storage:generateReleaseBuildConfig UP-TO-DATE
> Task :react-native-async-storage_async-storage:javaPreCompileRelease UP-TO-DATE
> Task :react-native-async-storage_async-storage:compileReleaseJavaWithJavac UP-TO-DATE
> Task :react-native-async-storage_async-storage:bundleLibCompileToJarRelease UP-TO-DATE
> Task :react-native-reanimated:generateReleaseBuildConfig UP-TO-DATE
> Task :react-native-reanimated:javaPreCompileRelease UP-TO-DATE
> Task :react-native-reanimated:packageNdkLibs NO-SOURCE
> Task :react-native-reanimated:compileReleaseJavaWithJavac UP-TO-DATE
> Task :react-native-reanimated:bundleLibCompileToJarRelease UP-TO-DATE
> Task :react-native-safe-area-context:checkKotlinGradlePluginConfigurationErrors
> Task :react-native-safe-area-context:generateReleaseBuildConfig UP-TO-DATE
> Task :react-native-safe-area-context:compileReleaseKotlin UP-TO-DATE
> Task :react-native-safe-area-context:javaPreCompileRelease UP-TO-DATE
> Task :react-native-safe-area-context:compileReleaseJavaWithJavac UP-TO-DATE
> Task :react-native-safe-area-context:bundleLibCompileToJarRelease UP-TO-DATE
> Task :react-native-screens:checkKotlinGradlePluginConfigurationErrors
> Task :react-native-screens:generateReleaseBuildConfig UP-TO-DATE
> Task :react-native-screens:compileReleaseKotlin UP-TO-DATE
> Task :react-native-screens:javaPreCompileRelease UP-TO-DATE
> Task :react-native-screens:compileReleaseJavaWithJavac UP-TO-DATE
> Task :react-native-screens:bundleLibCompileToJarRelease UP-TO-DATE
> Task :react-native-svg:generateReleaseBuildConfig UP-TO-DATE
> Task :react-native-svg:javaPreCompileRelease UP-TO-DATE
> Task :react-native-svg:compileReleaseJavaWithJavac UP-TO-DATE
> Task :react-native-svg:bundleLibCompileToJarRelease UP-TO-DATE
> Task :app:compileReleaseKotlin UP-TO-DATE
> Task :app:buildKotlinToolingMetadata UP-TO-DATE
> Task :app:javaPreCompileRelease UP-TO-DATE
> Task :app:compileReleaseJavaWithJavac UP-TO-DATE
> Task :app:extractProguardFiles UP-TO-DATE
> Task :expo:bundleLibRuntimeToJarRelease UP-TO-DATE
> Task :expo:processReleaseJavaRes UP-TO-DATE
> Task :expo:createFullJarRelease UP-TO-DATE
> Task :expo:extractProguardFiles UP-TO-DATE
> Task :expo-application:bundleLibRuntimeToJarRelease UP-TO-DATE
> Task :expo-application:processReleaseJavaRes UP-TO-DATE
> Task :expo-application:createFullJarRelease UP-TO-DATE
> Task :expo-application:extractProguardFiles UP-TO-DATE
> Task :expo-modules-core:bundleLibRuntimeToJarRelease UP-TO-DATE
> Task :expo-modules-core:processReleaseJavaRes UP-TO-DATE
> Task :expo-modules-core:createFullJarRelease UP-TO-DATE
> Task :expo-modules-core:extractProguardFiles UP-TO-DATE
> Task :expo-modules-core:generateReleaseLintModel UP-TO-DATE
> Task :expo-modules-core:prepareLintJarForPublish UP-TO-DATE
> Task :expo-application:generateReleaseLintModel UP-TO-DATE
> Task :expo-application:prepareLintJarForPublish UP-TO-DATE
> Task :expo-asset:bundleLibRuntimeToJarRelease UP-TO-DATE
> Task :expo-asset:processReleaseJavaRes UP-TO-DATE
> Task :expo-asset:createFullJarRelease UP-TO-DATE
> Task :expo-asset:extractProguardFiles UP-TO-DATE
> Task :expo-asset:generateReleaseLintModel UP-TO-DATE
> Task :expo-asset:prepareLintJarForPublish UP-TO-DATE
> Task :expo-clipboard:bundleLibRuntimeToJarRelease UP-TO-DATE
> Task :expo-clipboard:processReleaseJavaRes UP-TO-DATE
> Task :expo-clipboard:createFullJarRelease UP-TO-DATE
> Task :expo-clipboard:extractProguardFiles UP-TO-DATE
> Task :expo-clipboard:generateReleaseLintModel UP-TO-DATE
> Task :expo-clipboard:prepareLintJarForPublish UP-TO-DATE
> Task :expo-constants:bundleLibRuntimeToJarRelease UP-TO-DATE
> Task :expo-constants:processReleaseJavaRes UP-TO-DATE
> Task :expo-constants:createFullJarRelease UP-TO-DATE
> Task :expo-constants:extractProguardFiles UP-TO-DATE
> Task :expo-constants:generateReleaseLintModel UP-TO-DATE
> Task :expo-constants:prepareLintJarForPublish UP-TO-DATE
> Task :expo-document-picker:bundleLibRuntimeToJarRelease UP-TO-DATE
> Task :expo-document-picker:processReleaseJavaRes UP-TO-DATE
> Task :expo-document-picker:createFullJarRelease UP-TO-DATE
> Task :expo-document-picker:extractProguardFiles UP-TO-DATE
> Task :expo-document-picker:generateReleaseLintModel UP-TO-DATE
> Task :expo-document-picker:prepareLintJarForPublish UP-TO-DATE
> Task :expo-file-system:bundleLibRuntimeToJarRelease UP-TO-DATE
> Task :expo-file-system:processReleaseJavaRes UP-TO-DATE
> Task :expo-file-system:createFullJarRelease UP-TO-DATE
> Task :expo-file-system:extractProguardFiles UP-TO-DATE
> Task :expo-file-system:generateReleaseLintModel UP-TO-DATE
> Task :expo-file-system:prepareLintJarForPublish UP-TO-DATE
> Task :expo-font:bundleLibRuntimeToJarRelease UP-TO-DATE
> Task :expo-font:processReleaseJavaRes UP-TO-DATE
> Task :expo-font:createFullJarRelease UP-TO-DATE
> Task :expo-font:extractProguardFiles UP-TO-DATE
> Task :expo-font:generateReleaseLintModel UP-TO-DATE
> Task :expo-font:prepareLintJarForPublish UP-TO-DATE
> Task :expo-local-authentication:bundleLibRuntimeToJarRelease UP-TO-DATE
> Task :expo-local-authentication:processReleaseJavaRes UP-TO-DATE
> Task :expo-local-authentication:createFullJarRelease UP-TO-DATE
> Task :expo-local-authentication:extractProguardFiles UP-TO-DATE
> Task :expo-local-authentication:generateReleaseLintModel UP-TO-DATE
> Task :expo-local-authentication:prepareLintJarForPublish UP-TO-DATE
> Task :expo-notifications:bundleLibRuntimeToJarRelease UP-TO-DATE
> Task :expo-notifications:processReleaseJavaRes UP-TO-DATE
> Task :expo-notifications:createFullJarRelease UP-TO-DATE
> Task :expo-notifications:extractProguardFiles UP-TO-DATE
> Task :expo-notifications:generateReleaseLintModel UP-TO-DATE
> Task :expo-notifications:prepareLintJarForPublish UP-TO-DATE
> Task :expo-sharing:bundleLibRuntimeToJarRelease UP-TO-DATE
> Task :expo-sharing:processReleaseJavaRes UP-TO-DATE
> Task :expo-sharing:createFullJarRelease UP-TO-DATE
> Task :expo-sharing:extractProguardFiles UP-TO-DATE
> Task :expo-sharing:generateReleaseLintModel UP-TO-DATE
> Task :expo-sharing:prepareLintJarForPublish UP-TO-DATE
> Task :expo:generateReleaseLintModel UP-TO-DATE
> Task :expo:prepareLintJarForPublish UP-TO-DATE
> Task :react-native-async-storage_async-storage:bundleLibRuntimeToJarRelease UP-TO-DATE
> Task :react-native-async-storage_async-storage:processReleaseJavaRes NO-SOURCE
> Task :react-native-async-storage_async-storage:createFullJarRelease UP-TO-DATE
> Task :react-native-async-storage_async-storage:extractProguardFiles UP-TO-DATE
> Task :react-native-async-storage_async-storage:generateReleaseLintModel UP-TO-DATE
> Task :react-native-async-storage_async-storage:prepareLintJarForPublish UP-TO-DATE
> Task :react-native-reanimated:bundleLibRuntimeToJarRelease UP-TO-DATE
> Task :react-native-reanimated:processReleaseJavaRes NO-SOURCE
> Task :react-native-reanimated:createFullJarRelease UP-TO-DATE
> Task :react-native-reanimated:extractProguardFiles UP-TO-DATE
> Task :react-native-reanimated:generateReleaseLintModel UP-TO-DATE
> Task :react-native-reanimated:prepareLintJarForPublish UP-TO-DATE
> Task :react-native-safe-area-context:bundleLibRuntimeToJarRelease UP-TO-DATE
> Task :react-native-safe-area-context:processReleaseJavaRes UP-TO-DATE
> Task :react-native-safe-area-context:createFullJarRelease UP-TO-DATE
> Task :react-native-safe-area-context:extractProguardFiles UP-TO-DATE
> Task :react-native-safe-area-context:generateReleaseLintModel UP-TO-DATE
> Task :react-native-safe-area-context:prepareLintJarForPublish UP-TO-DATE
> Task :react-native-screens:bundleLibRuntimeToJarRelease UP-TO-DATE
> Task :react-native-screens:processReleaseJavaRes UP-TO-DATE
> Task :react-native-screens:createFullJarRelease UP-TO-DATE
> Task :react-native-screens:extractProguardFiles UP-TO-DATE
> Task :react-native-screens:generateReleaseLintModel UP-TO-DATE
> Task :react-native-screens:prepareLintJarForPublish UP-TO-DATE
> Task :react-native-svg:bundleLibRuntimeToJarRelease UP-TO-DATE
> Task :react-native-svg:processReleaseJavaRes NO-SOURCE
> Task :react-native-svg:createFullJarRelease UP-TO-DATE
> Task :react-native-svg:extractProguardFiles UP-TO-DATE
> Task :react-native-svg:generateReleaseLintModel UP-TO-DATE
> Task :react-native-svg:prepareLintJarForPublish UP-TO-DATE
> Task :app:generateReleaseLintVitalReportModel UP-TO-DATE
> Task :expo:mergeReleaseJniLibFolders UP-TO-DATE
> Task :expo:mergeReleaseNativeLibs NO-SOURCE
> Task :expo:stripReleaseDebugSymbols NO-SOURCE
> Task :expo:copyReleaseJniLibsProjectAndLocalJars UP-TO-DATE
> Task :expo:extractDeepLinksForAarRelease UP-TO-DATE
> Task :expo:extractReleaseAnnotations UP-TO-DATE
> Task :expo:mergeReleaseGeneratedProguardFiles UP-TO-DATE
> Task :expo:mergeReleaseConsumerProguardFiles UP-TO-DATE
> Task :expo:mergeReleaseShaders UP-TO-DATE
> Task :expo:compileReleaseShaders NO-SOURCE
> Task :expo:generateReleaseAssets UP-TO-DATE
> Task :expo:packageReleaseAssets UP-TO-DATE
> Task :expo:prepareReleaseArtProfile UP-TO-DATE
> Task :expo:mergeReleaseJavaResource UP-TO-DATE
> Task :expo:syncReleaseLibJars UP-TO-DATE
> Task :expo:bundleReleaseLocalLintAar UP-TO-DATE
> Task :react-native-safe-area-context:mergeReleaseJniLibFolders UP-TO-DATE
> Task :react-native-safe-area-context:mergeReleaseNativeLibs NO-SOURCE
> Task :react-native-safe-area-context:stripReleaseDebugSymbols NO-SOURCE
> Task :react-native-safe-area-context:copyReleaseJniLibsProjectAndLocalJars UP-TO-DATE
> Task :react-native-safe-area-context:extractDeepLinksForAarRelease UP-TO-DATE
> Task :react-native-safe-area-context:extractReleaseAnnotations UP-TO-DATE
> Task :react-native-safe-area-context:mergeReleaseGeneratedProguardFiles UP-TO-DATE
> Task :react-native-safe-area-context:mergeReleaseConsumerProguardFiles UP-TO-DATE
> Task :react-native-safe-area-context:mergeReleaseShaders UP-TO-DATE
> Task :react-native-safe-area-context:compileReleaseShaders NO-SOURCE
> Task :react-native-safe-area-context:generateReleaseAssets UP-TO-DATE
> Task :react-native-safe-area-context:packageReleaseAssets UP-TO-DATE
> Task :react-native-safe-area-context:prepareReleaseArtProfile UP-TO-DATE
> Task :react-native-safe-area-context:mergeReleaseJavaResource UP-TO-DATE
> Task :react-native-safe-area-context:syncReleaseLibJars UP-TO-DATE
> Task :react-native-safe-area-context:bundleReleaseLocalLintAar UP-TO-DATE
> Task :react-native-screens:configureCMakeRelWithDebInfo[arm64-v8a]
> Task :react-native-screens:buildCMakeRelWithDebInfo[arm64-v8a]
> Task :react-native-screens:configureCMakeRelWithDebInfo[armeabi-v7a]
> Task :react-native-screens:buildCMakeRelWithDebInfo[armeabi-v7a]
> Task :react-native-screens:configureCMakeRelWithDebInfo[x86]
> Task :react-native-screens:buildCMakeRelWithDebInfo[x86]
> Task :react-native-screens:configureCMakeRelWithDebInfo[x86_64]
> Task :react-native-screens:buildCMakeRelWithDebInfo[x86_64]
> Task :react-native-screens:mergeReleaseJniLibFolders UP-TO-DATE
> Task :react-native-screens:mergeReleaseNativeLibs UP-TO-DATE
> Task :react-native-screens:stripReleaseDebugSymbols UP-TO-DATE
> Task :react-native-screens:copyReleaseJniLibsProjectAndLocalJars UP-TO-DATE
> Task :react-native-screens:extractDeepLinksForAarRelease UP-TO-DATE
> Task :react-native-screens:extractReleaseAnnotations UP-TO-DATE
> Task :react-native-screens:mergeReleaseGeneratedProguardFiles UP-TO-DATE
> Task :react-native-screens:mergeReleaseConsumerProguardFiles UP-TO-DATE
> Task :react-native-screens:mergeReleaseShaders UP-TO-DATE
> Task :react-native-screens:compileReleaseShaders NO-SOURCE
> Task :react-native-screens:generateReleaseAssets UP-TO-DATE
> Task :react-native-screens:packageReleaseAssets UP-TO-DATE
> Task :react-native-screens:prepareReleaseArtProfile UP-TO-DATE
> Task :react-native-screens:mergeReleaseJavaResource UP-TO-DATE
> Task :react-native-screens:syncReleaseLibJars UP-TO-DATE
> Task :react-native-screens:bundleReleaseLocalLintAar UP-TO-DATE
> Task :react-native-async-storage_async-storage:mergeReleaseJniLibFolders UP-TO-DATE
> Task :react-native-async-storage_async-storage:mergeReleaseNativeLibs NO-SOURCE
> Task :react-native-async-storage_async-storage:stripReleaseDebugSymbols NO-SOURCE
> Task :react-native-async-storage_async-storage:copyReleaseJniLibsProjectAndLocalJars UP-TO-DATE
> Task :react-native-async-storage_async-storage:extractDeepLinksForAarRelease UP-TO-DATE
> Task :react-native-async-storage_async-storage:extractReleaseAnnotations UP-TO-DATE
> Task :react-native-async-storage_async-storage:mergeReleaseGeneratedProguardFiles UP-TO-DATE
> Task :react-native-async-storage_async-storage:mergeReleaseConsumerProguardFiles UP-TO-DATE
> Task :react-native-async-storage_async-storage:mergeReleaseShaders UP-TO-DATE
> Task :react-native-async-storage_async-storage:compileReleaseShaders NO-SOURCE
> Task :react-native-async-storage_async-storage:generateReleaseAssets UP-TO-DATE
> Task :react-native-async-storage_async-storage:packageReleaseAssets UP-TO-DATE
> Task :react-native-async-storage_async-storage:prepareReleaseArtProfile UP-TO-DATE
> Task :react-native-async-storage_async-storage:mergeReleaseJavaResource UP-TO-DATE
> Task :react-native-async-storage_async-storage:syncReleaseLibJars UP-TO-DATE
> Task :react-native-async-storage_async-storage:bundleReleaseLocalLintAar UP-TO-DATE
> Task :react-native-reanimated:configureCMakeRelWithDebInfo[arm64-v8a]
> Task :react-native-reanimated:buildCMakeRelWithDebInfo[arm64-v8a]
> Task :react-native-reanimated:configureCMakeRelWithDebInfo[armeabi-v7a]
> Task :react-native-reanimated:buildCMakeRelWithDebInfo[armeabi-v7a]
> Task :react-native-reanimated:configureCMakeRelWithDebInfo[x86]
> Task :react-native-reanimated:buildCMakeRelWithDebInfo[x86]
> Task :react-native-reanimated:configureCMakeRelWithDebInfo[x86_64]
> Task :react-native-reanimated:buildCMakeRelWithDebInfo[x86_64]
> Task :react-native-reanimated:mergeReleaseJniLibFolders UP-TO-DATE
> Task :react-native-reanimated:mergeReleaseNativeLibs UP-TO-DATE
> Task :react-native-reanimated:stripReleaseDebugSymbols UP-TO-DATE
> Task :react-native-reanimated:copyReleaseJniLibsProjectAndLocalJars UP-TO-DATE
> Task :react-native-reanimated:extractDeepLinksForAarRelease UP-TO-DATE
> Task :react-native-reanimated:extractReleaseAnnotations UP-TO-DATE
> Task :react-native-reanimated:mergeReleaseGeneratedProguardFiles UP-TO-DATE
> Task :react-native-reanimated:mergeReleaseConsumerProguardFiles UP-TO-DATE
> Task :react-native-reanimated:mergeReleaseShaders UP-TO-DATE
> Task :react-native-reanimated:compileReleaseShaders NO-SOURCE
> Task :react-native-reanimated:generateReleaseAssets UP-TO-DATE
> Task :react-native-reanimated:packageReleaseAssets UP-TO-DATE
> Task :react-native-reanimated:externalNativeBuildRelease
> Task :react-native-reanimated:generateJsonModelRelease
> Task :react-native-reanimated:prefabReleaseConfigurePackage UP-TO-DATE
> Task :react-native-reanimated:prefabReleasePackage UP-TO-DATE
> Task :react-native-reanimated:prepareReleaseArtProfile UP-TO-DATE
> Task :react-native-reanimated:mergeReleaseJavaResource UP-TO-DATE
> Task :react-native-reanimated:syncReleaseLibJars UP-TO-DATE
> Task :react-native-reanimated:bundleReleaseLocalLintAar UP-TO-DATE
> Task :react-native-svg:mergeReleaseJniLibFolders UP-TO-DATE
> Task :react-native-svg:mergeReleaseNativeLibs NO-SOURCE
> Task :react-native-svg:stripReleaseDebugSymbols NO-SOURCE
> Task :react-native-svg:copyReleaseJniLibsProjectAndLocalJars UP-TO-DATE
> Task :react-native-svg:extractDeepLinksForAarRelease UP-TO-DATE
> Task :react-native-svg:extractReleaseAnnotations UP-TO-DATE
> Task :react-native-svg:mergeReleaseGeneratedProguardFiles UP-TO-DATE
> Task :react-native-svg:mergeReleaseConsumerProguardFiles UP-TO-DATE
> Task :react-native-svg:mergeReleaseShaders UP-TO-DATE
> Task :react-native-svg:compileReleaseShaders NO-SOURCE
> Task :react-native-svg:generateReleaseAssets UP-TO-DATE
> Task :react-native-svg:packageReleaseAssets UP-TO-DATE
> Task :react-native-svg:prepareReleaseArtProfile UP-TO-DATE
> Task :react-native-svg:mergeReleaseJavaResource UP-TO-DATE
> Task :react-native-svg:syncReleaseLibJars UP-TO-DATE
> Task :react-native-svg:bundleReleaseLocalLintAar UP-TO-DATE
> Task :expo-application:mergeReleaseJniLibFolders UP-TO-DATE
> Task :expo-application:mergeReleaseNativeLibs NO-SOURCE
> Task :expo-application:stripReleaseDebugSymbols NO-SOURCE
> Task :expo-application:copyReleaseJniLibsProjectAndLocalJars UP-TO-DATE
> Task :expo-application:extractDeepLinksForAarRelease UP-TO-DATE
> Task :expo-application:extractReleaseAnnotations UP-TO-DATE
> Task :expo-application:mergeReleaseGeneratedProguardFiles UP-TO-DATE
> Task :expo-application:mergeReleaseConsumerProguardFiles UP-TO-DATE
> Task :expo-application:mergeReleaseShaders UP-TO-DATE
> Task :expo-application:compileReleaseShaders NO-SOURCE
> Task :expo-application:generateReleaseAssets UP-TO-DATE
> Task :expo-application:packageReleaseAssets UP-TO-DATE
> Task :expo-application:prepareReleaseArtProfile UP-TO-DATE
> Task :expo-application:mergeReleaseJavaResource UP-TO-DATE
> Task :expo-application:syncReleaseLibJars UP-TO-DATE
> Task :expo-application:bundleReleaseLocalLintAar UP-TO-DATE
> Task :expo-asset:mergeReleaseJniLibFolders UP-TO-DATE
> Task :expo-asset:mergeReleaseNativeLibs NO-SOURCE
> Task :expo-asset:stripReleaseDebugSymbols NO-SOURCE
> Task :expo-asset:copyReleaseJniLibsProjectAndLocalJars UP-TO-DATE
> Task :expo-asset:extractDeepLinksForAarRelease UP-TO-DATE
> Task :expo-asset:extractReleaseAnnotations UP-TO-DATE
> Task :expo-asset:mergeReleaseGeneratedProguardFiles UP-TO-DATE
> Task :expo-asset:mergeReleaseConsumerProguardFiles UP-TO-DATE
> Task :expo-asset:mergeReleaseShaders UP-TO-DATE
> Task :expo-asset:compileReleaseShaders NO-SOURCE
> Task :expo-asset:generateReleaseAssets UP-TO-DATE
> Task :expo-asset:packageReleaseAssets UP-TO-DATE
> Task :expo-asset:prepareReleaseArtProfile UP-TO-DATE
> Task :expo-asset:mergeReleaseJavaResource UP-TO-DATE
> Task :expo-asset:syncReleaseLibJars UP-TO-DATE
> Task :expo-asset:bundleReleaseLocalLintAar UP-TO-DATE
> Task :expo-clipboard:mergeReleaseJniLibFolders UP-TO-DATE
> Task :expo-clipboard:mergeReleaseNativeLibs NO-SOURCE
> Task :expo-clipboard:stripReleaseDebugSymbols NO-SOURCE
> Task :expo-clipboard:copyReleaseJniLibsProjectAndLocalJars UP-TO-DATE
> Task :expo-clipboard:extractDeepLinksForAarRelease UP-TO-DATE
> Task :expo-clipboard:extractReleaseAnnotations UP-TO-DATE
> Task :expo-clipboard:mergeReleaseGeneratedProguardFiles UP-TO-DATE
> Task :expo-clipboard:mergeReleaseConsumerProguardFiles UP-TO-DATE
> Task :expo-clipboard:mergeReleaseShaders UP-TO-DATE
> Task :expo-clipboard:compileReleaseShaders NO-SOURCE
> Task :expo-clipboard:generateReleaseAssets UP-TO-DATE
> Task :expo-clipboard:packageReleaseAssets UP-TO-DATE
> Task :expo-clipboard:prepareReleaseArtProfile UP-TO-DATE
> Task :expo-clipboard:mergeReleaseJavaResource UP-TO-DATE
> Task :expo-clipboard:syncReleaseLibJars UP-TO-DATE
> Task :expo-clipboard:bundleReleaseLocalLintAar UP-TO-DATE
> Task :expo-constants:mergeReleaseJniLibFolders UP-TO-DATE
> Task :expo-constants:mergeReleaseNativeLibs NO-SOURCE
> Task :expo-constants:stripReleaseDebugSymbols NO-SOURCE
> Task :expo-constants:copyReleaseJniLibsProjectAndLocalJars UP-TO-DATE
> Task :expo-constants:extractDeepLinksForAarRelease UP-TO-DATE
> Task :expo-constants:extractReleaseAnnotations UP-TO-DATE
> Task :expo-constants:mergeReleaseGeneratedProguardFiles UP-TO-DATE
> Task :expo-constants:mergeReleaseConsumerProguardFiles UP-TO-DATE
> Task :expo-constants:mergeReleaseShaders UP-TO-DATE
> Task :expo-constants:compileReleaseShaders NO-SOURCE
> Task :expo-constants:generateReleaseAssets UP-TO-DATE
> Task :expo-constants:packageReleaseAssets UP-TO-DATE
> Task :expo-constants:prepareReleaseArtProfile UP-TO-DATE
> Task :expo-constants:mergeReleaseJavaResource UP-TO-DATE
> Task :expo-constants:syncReleaseLibJars UP-TO-DATE
> Task :expo-constants:bundleReleaseLocalLintAar UP-TO-DATE
> Task :expo-document-picker:mergeReleaseJniLibFolders UP-TO-DATE
> Task :expo-document-picker:mergeReleaseNativeLibs NO-SOURCE
> Task :expo-document-picker:stripReleaseDebugSymbols NO-SOURCE
> Task :expo-document-picker:copyReleaseJniLibsProjectAndLocalJars UP-TO-DATE
> Task :expo-document-picker:extractDeepLinksForAarRelease UP-TO-DATE
> Task :expo-document-picker:extractReleaseAnnotations UP-TO-DATE
> Task :expo-document-picker:mergeReleaseGeneratedProguardFiles UP-TO-DATE
> Task :expo-document-picker:mergeReleaseConsumerProguardFiles UP-TO-DATE
> Task :expo-document-picker:mergeReleaseShaders UP-TO-DATE
> Task :expo-document-picker:compileReleaseShaders NO-SOURCE
> Task :expo-document-picker:generateReleaseAssets UP-TO-DATE
> Task :expo-document-picker:packageReleaseAssets UP-TO-DATE
> Task :expo-document-picker:prepareReleaseArtProfile UP-TO-DATE
> Task :expo-document-picker:mergeReleaseJavaResource UP-TO-DATE
> Task :expo-document-picker:syncReleaseLibJars UP-TO-DATE
> Task :expo-document-picker:bundleReleaseLocalLintAar UP-TO-DATE
> Task :expo-file-system:mergeReleaseJniLibFolders UP-TO-DATE
> Task :expo-file-system:mergeReleaseNativeLibs NO-SOURCE
> Task :expo-file-system:stripReleaseDebugSymbols NO-SOURCE
> Task :expo-file-system:copyReleaseJniLibsProjectAndLocalJars UP-TO-DATE
> Task :expo-file-system:extractDeepLinksForAarRelease UP-TO-DATE
> Task :expo-file-system:extractReleaseAnnotations UP-TO-DATE
> Task :expo-file-system:mergeReleaseGeneratedProguardFiles UP-TO-DATE
> Task :expo-file-system:mergeReleaseConsumerProguardFiles UP-TO-DATE
> Task :expo-file-system:mergeReleaseShaders UP-TO-DATE
> Task :expo-file-system:compileReleaseShaders NO-SOURCE
> Task :expo-file-system:generateReleaseAssets UP-TO-DATE
> Task :expo-file-system:packageReleaseAssets UP-TO-DATE
> Task :expo-file-system:prepareReleaseArtProfile UP-TO-DATE
> Task :expo-file-system:mergeReleaseJavaResource UP-TO-DATE
> Task :expo-file-system:syncReleaseLibJars UP-TO-DATE
> Task :expo-file-system:bundleReleaseLocalLintAar UP-TO-DATE
> Task :expo-font:mergeReleaseJniLibFolders UP-TO-DATE
> Task :expo-font:mergeReleaseNativeLibs NO-SOURCE
> Task :expo-font:stripReleaseDebugSymbols NO-SOURCE
> Task :expo-font:copyReleaseJniLibsProjectAndLocalJars UP-TO-DATE
> Task :expo-font:extractDeepLinksForAarRelease UP-TO-DATE
> Task :expo-font:extractReleaseAnnotations UP-TO-DATE
> Task :expo-font:mergeReleaseGeneratedProguardFiles UP-TO-DATE
> Task :expo-font:mergeReleaseConsumerProguardFiles UP-TO-DATE
> Task :expo-font:mergeReleaseShaders UP-TO-DATE
> Task :expo-font:compileReleaseShaders NO-SOURCE
> Task :expo-font:generateReleaseAssets UP-TO-DATE
> Task :expo-font:packageReleaseAssets UP-TO-DATE
> Task :expo-font:prepareReleaseArtProfile UP-TO-DATE
> Task :expo-font:mergeReleaseJavaResource UP-TO-DATE
> Task :expo-font:syncReleaseLibJars UP-TO-DATE
> Task :expo-font:bundleReleaseLocalLintAar UP-TO-DATE
> Task :expo-local-authentication:mergeReleaseJniLibFolders UP-TO-DATE
> Task :expo-local-authentication:mergeReleaseNativeLibs NO-SOURCE
> Task :expo-local-authentication:stripReleaseDebugSymbols NO-SOURCE
> Task :expo-local-authentication:copyReleaseJniLibsProjectAndLocalJars UP-TO-DATE
> Task :expo-local-authentication:extractDeepLinksForAarRelease UP-TO-DATE
> Task :expo-local-authentication:extractReleaseAnnotations UP-TO-DATE
> Task :expo-local-authentication:mergeReleaseGeneratedProguardFiles UP-TO-DATE
> Task :expo-local-authentication:mergeReleaseConsumerProguardFiles UP-TO-DATE
> Task :expo-local-authentication:mergeReleaseShaders UP-TO-DATE
> Task :expo-local-authentication:compileReleaseShaders NO-SOURCE
> Task :expo-local-authentication:generateReleaseAssets UP-TO-DATE
> Task :expo-local-authentication:packageReleaseAssets UP-TO-DATE
> Task :expo-local-authentication:prepareReleaseArtProfile UP-TO-DATE
> Task :expo-local-authentication:mergeReleaseJavaResource UP-TO-DATE
> Task :expo-local-authentication:syncReleaseLibJars UP-TO-DATE
> Task :expo-local-authentication:bundleReleaseLocalLintAar UP-TO-DATE
> Task :expo-notifications:mergeReleaseJniLibFolders UP-TO-DATE
> Task :expo-notifications:mergeReleaseNativeLibs NO-SOURCE
> Task :expo-notifications:stripReleaseDebugSymbols NO-SOURCE
> Task :expo-notifications:copyReleaseJniLibsProjectAndLocalJars UP-TO-DATE
> Task :expo-notifications:extractDeepLinksForAarRelease UP-TO-DATE
> Task :expo-notifications:extractReleaseAnnotations UP-TO-DATE
> Task :expo-notifications:mergeReleaseGeneratedProguardFiles UP-TO-DATE
> Task :expo-notifications:mergeReleaseConsumerProguardFiles UP-TO-DATE
> Task :expo-notifications:mergeReleaseShaders UP-TO-DATE
> Task :expo-notifications:compileReleaseShaders NO-SOURCE
> Task :expo-notifications:generateReleaseAssets UP-TO-DATE
> Task :expo-notifications:packageReleaseAssets UP-TO-DATE
> Task :expo-notifications:prepareReleaseArtProfile UP-TO-DATE
> Task :expo-notifications:mergeReleaseJavaResource UP-TO-DATE
> Task :expo-notifications:syncReleaseLibJars UP-TO-DATE
> Task :expo-notifications:bundleReleaseLocalLintAar UP-TO-DATE
> Task :expo-sharing:mergeReleaseJniLibFolders UP-TO-DATE
> Task :expo-sharing:mergeReleaseNativeLibs NO-SOURCE
> Task :expo-sharing:stripReleaseDebugSymbols NO-SOURCE
> Task :expo-sharing:copyReleaseJniLibsProjectAndLocalJars UP-TO-DATE
> Task :expo-sharing:extractDeepLinksForAarRelease UP-TO-DATE
> Task :expo-sharing:extractReleaseAnnotations UP-TO-DATE
> Task :expo-sharing:mergeReleaseGeneratedProguardFiles UP-TO-DATE
> Task :expo-sharing:mergeReleaseConsumerProguardFiles UP-TO-DATE
> Task :expo-sharing:mergeReleaseShaders UP-TO-DATE
> Task :expo-sharing:compileReleaseShaders NO-SOURCE
> Task :expo-sharing:generateReleaseAssets UP-TO-DATE
> Task :expo-sharing:packageReleaseAssets UP-TO-DATE
> Task :expo-sharing:prepareReleaseArtProfile UP-TO-DATE
> Task :expo-sharing:mergeReleaseJavaResource UP-TO-DATE
> Task :expo-sharing:syncReleaseLibJars UP-TO-DATE
> Task :expo-sharing:bundleReleaseLocalLintAar UP-TO-DATE
> Task :expo-modules-core:configureCMakeRelWithDebInfo[arm64-v8a]
> Task :expo-modules-core:buildCMakeRelWithDebInfo[arm64-v8a]
> Task :expo-modules-core:configureCMakeRelWithDebInfo[armeabi-v7a]
> Task :expo-modules-core:buildCMakeRelWithDebInfo[armeabi-v7a]
> Task :expo-modules-core:configureCMakeRelWithDebInfo[x86]
